[2024-05-16 10:03:59 [32mINFO [0;39m restartedMain] [com.green.greengram.GreengramTddApplication] [36mStarting GreengramVer2Application using Java 17.0.10 with PID 10684 (D:\2024-01\backEnd\GreengramVer2\build\classes\java\main started by Administrator in D:\2024-01\backEnd\GreengramVer2)[0;39m
[2024-05-16 10:03:59 [32mINFO [0;39m restartedMain] [com.green.greengram.GreengramTddApplication] [36mNo active profile set, falling back to 1 default profile: "default"[0;39m
[2024-05-16 10:03:59 [32mINFO [0;39m restartedMain] [org.springframework.boot.devtools.env.DevToolsPropertyDefaultsPostProcessor] [36mDevtools property defaults active! Set 'spring.devtools.add-properties' to 'false' to disable[0;39m
[2024-05-16 10:03:59 [32mINFO [0;39m restartedMain] [org.springframework.boot.devtools.env.DevToolsPropertyDefaultsPostProcessor] [36mFor additional web related logging consider setting the 'logging.level.web' property to 'DEBUG'[0;39m
[2024-05-16 10:04:00 [32mINFO [0;39m restartedMain] [org.springframework.boot.web.embedded.tomcat.TomcatWebServer] [36mTomcat initialized with port 8080 (http)[0;39m
[2024-05-16 10:04:00 [32mINFO [0;39m restartedMain] [org.apache.coyote.http11.Http11NioProtocol] [36mInitializing ProtocolHandler ["http-nio-8080"][0;39m
[2024-05-16 10:04:00 [32mINFO [0;39m restartedMain] [org.apache.catalina.core.StandardService] [36mStarting service [Tomcat][0;39m
[2024-05-16 10:04:00 [32mINFO [0;39m restartedMain] [org.apache.catalina.core.StandardEngine] [36mStarting Servlet engine: [Apache Tomcat/10.1.20][0;39m
[2024-05-16 10:04:00 [32mINFO [0;39m restartedMain] [org.apache.catalina.core.ContainerBase.[Tomcat].[localhost].[/]] [36mInitializing Spring embedded WebApplicationContext[0;39m
[2024-05-16 10:04:00 [32mINFO [0;39m restartedMain] [org.springframework.boot.web.servlet.context.ServletWebServerApplicationContext] [36mRoot WebApplicationContext: initialization completed in 1110 ms[0;39m
[2024-05-16 10:04:00 [32mINFO [0;39m restartedMain] [org.springframework.boot.autoconfigure.web.servlet.WelcomePageHandlerMapping] [36mAdding welcome page: class path resource [static/index.html][0;39m
[2024-05-16 10:04:01 [32mINFO [0;39m restartedMain] [org.springframework.boot.devtools.autoconfigure.OptionalLiveReloadServer] [36mLiveReload server is running on port 35729[0;39m
[2024-05-16 10:04:01 [32mINFO [0;39m restartedMain] [org.springframework.boot.actuate.endpoint.web.EndpointLinksResolver] [36mExposing 1 endpoint(s) beneath base path '/actuator'[0;39m
[2024-05-16 10:04:01 [32mINFO [0;39m restartedMain] [org.apache.coyote.http11.Http11NioProtocol] [36mStarting ProtocolHandler ["http-nio-8080"][0;39m
[2024-05-16 10:04:01 [32mINFO [0;39m restartedMain] [org.springframework.boot.web.embedded.tomcat.TomcatWebServer] [36mTomcat started on port 8080 (http) with context path ''[0;39m
[2024-05-16 10:04:01 [32mINFO [0;39m restartedMain] [com.green.greengram.GreengramTddApplication] [36mStarted GreengramVer2Application in 2.296 seconds (process running for 2.767)[0;39m
[2024-05-16 10:04:01 [32mINFO [0;39m RMI TCP Connection(2)-192.168.0.164] [org.apache.catalina.core.ContainerBase.[Tomcat].[localhost].[/]] [36mInitializing Spring DispatcherServlet 'dispatcherServlet'[0;39m
[2024-05-16 10:04:01 [32mINFO [0;39m RMI TCP Connection(2)-192.168.0.164] [org.springframework.web.servlet.DispatcherServlet] [36mInitializing Servlet 'dispatcherServlet'[0;39m
[2024-05-16 10:04:01 [32mINFO [0;39m RMI TCP Connection(3)-192.168.0.164] [com.zaxxer.hikari.HikariDataSource] [36mHikariPool-1 - Starting...[0;39m
[2024-05-16 10:04:01 [32mINFO [0;39m RMI TCP Connection(2)-192.168.0.164] [org.springframework.web.servlet.DispatcherServlet] [36mCompleted initialization in 1 ms[0;39m
[2024-05-16 10:04:01 [32mINFO [0;39m RMI TCP Connection(3)-192.168.0.164] [com.zaxxer.hikari.pool.HikariPool] [36mHikariPool-1 - Added connection net.sf.log4jdbc.sql.jdbcapi.ConnectionSpy@f0ff079[0;39m
[2024-05-16 10:04:01 [32mINFO [0;39m RMI TCP Connection(3)-192.168.0.164] [com.zaxxer.hikari.HikariDataSource] [36mHikariPool-1 - Start completed.[0;39m
[2024-05-16 10:04:06 [32mDEBUG[0;39m http-nio-8080-exec-7] [jdbc.sqltiming] [36m com.zaxxer.hikari.pool.ProxyPreparedStatement.execute(ProxyPreparedStatement.java:44)
1. SELECT A.feed_id AS feedId, B.user_id AS writerId, B.nm AS writerNm,
               B.pic AS writerPic, A.created_at AS createdAt, A.contents, A.location,
               IF(C.feed_id IS NULL, 0, 1) AS isFav
        FROM feed A
        INNER JOIN user B
        ON A.writer_id = B.user_id
        LEFT JOIN feed_favorite C
        ON A.feed_id = C.feed_id
        AND c.user_id = 18
        ORDER BY A.feed_id DESC
        LIMIT 0, 20
 {executed in 5 msec}[0;39m
[2024-05-16 10:04:06 [32mINFO [0;39m http-nio-8080-exec-7] [jdbc.resultsettable] [36m
|--------|--------|------|------------------------------------------|--------------------|-----------------------------------|---------|------|
|feed_id |user_id |nm    |pic                                       |created_at          |contents                           |location |isfav |
|--------|--------|------|------------------------------------------|--------------------|-----------------------------------|---------|------|
|38      |18      |hi    |5bbd3848-326b-42e4-8746-ee160901df02.jpg  |2024-05-14 13:25:45 |a                                  |a        |0     |
|37      |13      |홍길동   |null                                      |2024-05-13 16:42:50 |a                                  |a        |0     |
|32      |13      |홍길동   |null                                      |2024-05-10 12:11:37 |ㅁㄴㅇ                                |ㅁㄴㅇ      |0     |
|30      |13      |홍길동   |null                                      |2024-05-09 18:10:10 |ㅁㅁ                                 |ㅁㅁ       |0     |
|29      |13      |홍길동   |null                                      |2024-05-09 17:30:52 |히히                                 |대구시      |0     |
|28      |13      |홍길동   |null                                      |2024-05-08 15:04:51 |a                                  |a        |0     |
|27      |13      |홍길동   |null                                      |2024-05-08 14:54:46 |ㅁㄴㅇㄹ                               |ㄻㄴㅇ      |0     |
|26      |13      |홍길동   |null                                      |2024-05-08 14:54:20 |그린                                 |컴퍼       |0     |
|25      |13      |홍길동   |null                                      |2024-05-08 14:45:10 |aa                                 |aa       |0     |
|24      |13      |홍길동   |null                                      |2024-05-08 14:43:30 |aa                                 |aa       |0     |
|19      |12      |재문    |1f75390e-6d9b-47ce-841b-1bdf0dec7d6a.webp |2024-05-07 16:53:53 |보보보..봇치는 씹덕이 아니라고 생각해요             |도쿄       |0     |
|18      |8       |유사한국인 |null                                      |2024-05-07 16:52:47 |봇치 글쓰는 애 오타쿠임 ㅋㅋ                   |대구시      |0     |
|17      |12      |재문    |1f75390e-6d9b-47ce-841b-1bdf0dec7d6a.webp |2024-05-07 16:51:10 |봇치더락 총집편 2024년 6월 7일 개봉
많은사랑 부탁드려요 |도쿄       |0     |
|16      |8       |유사한국인 |null                                      |2024-05-07 16:51:03 |ㅋㅋ                                 |ㅋㅋ       |0     |
|15      |8       |유사한국인 |null                                      |2024-05-07 16:50:07 |ㅁㄴㅇ                                |ㅁㄴㅇ      |0     |
|14      |12      |재문    |1f75390e-6d9b-47ce-841b-1bdf0dec7d6a.webp |2024-05-07 16:48:33 |온세상이 봇치다..                         |도쿄       |0     |
|13      |8       |유사한국인 |null                                      |2024-05-07 16:45:58 |구하라                                |대구       |0     |
|12      |8       |유사한국인 |null                                      |2024-05-07 16:44:22 |ㅁㄴㅇㄹ                               |ㅁㄴㅇㄹ     |0     |
|11      |7       |유사한국인 |4d1b076e-0b28-4a39-b382-860ab04d5428.png  |2024-05-07 16:38:58 |대구시                                |대구시      |0     |
|9       |8       |유사한국인 |null                                      |2024-05-07 15:20:29 |축구 개 쉽네 ㅋㅋ                         |영국 런던    |0     |
|--------|--------|------|------------------------------------------|--------------------|-----------------------------------|---------|------|
[0;39m
[2024-05-16 10:04:06 [32mDEBUG[0;39m http-nio-8080-exec-7] [jdbc.sqltiming] [36m com.zaxxer.hikari.pool.ProxyPreparedStatement.execute(ProxyPreparedStatement.java:44)
1. SELECT pic
        FROM feed_pics
        WHERE feed_id = 38
 {executed in 0 msec}[0;39m
[2024-05-16 10:04:06 [32mINFO [0;39m http-nio-8080-exec-7] [jdbc.resultsettable] [36m
|-----------------------------------------|
|pic                                      |
|-----------------------------------------|
|b1655528-d003-4317-971f-abdc247abed7.jpg |
|-----------------------------------------|
[0;39m
[2024-05-16 10:04:06 [32mDEBUG[0;39m http-nio-8080-exec-7] [jdbc.sqltiming] [36m com.zaxxer.hikari.pool.ProxyPreparedStatement.execute(ProxyPreparedStatement.java:44)
1. SELECT A.feed_comment_id AS feedCommentId, A.comment, A.created_at AS createdAt,
               B.nm AS writerNm, B.pic AS writerPic, B.user_id AS writerId
        FROM feed_comment A
        INNER JOIN user B
        ON A.user_id = B.user_id
        WHERE A.feed_id = 38
        LIMIT 4
 {executed in 0 msec}[0;39m
[2024-05-16 10:04:06 [32mINFO [0;39m http-nio-8080-exec-7] [jdbc.resultsettable] [36m
|----------------|--------|-----------|---|----|--------|
|feed_comment_id |comment |created_at |nm |pic |user_id |
|----------------|--------|-----------|---|----|--------|
|----------------|--------|-----------|---|----|--------|
[0;39m
[2024-05-16 10:04:06 [32mDEBUG[0;39m http-nio-8080-exec-7] [jdbc.sqltiming] [36m com.zaxxer.hikari.pool.ProxyPreparedStatement.execute(ProxyPreparedStatement.java:44)
1. SELECT pic
        FROM feed_pics
        WHERE feed_id = 37
 {executed in 0 msec}[0;39m
[2024-05-16 10:04:06 [32mINFO [0;39m http-nio-8080-exec-7] [jdbc.resultsettable] [36m
|-----------------------------------------|
|pic                                      |
|-----------------------------------------|
|cac06d31-20af-4f92-a488-f8923e6c68ad.jpg |
|-----------------------------------------|
[0;39m
[2024-05-16 10:04:06 [32mDEBUG[0;39m http-nio-8080-exec-7] [jdbc.sqltiming] [36m com.zaxxer.hikari.pool.ProxyPreparedStatement.execute(ProxyPreparedStatement.java:44)
1. SELECT A.feed_comment_id AS feedCommentId, A.comment, A.created_at AS createdAt,
               B.nm AS writerNm, B.pic AS writerPic, B.user_id AS writerId
        FROM feed_comment A
        INNER JOIN user B
        ON A.user_id = B.user_id
        WHERE A.feed_id = 37
        LIMIT 4
 {executed in 1 msec}[0;39m
[2024-05-16 10:04:06 [32mINFO [0;39m http-nio-8080-exec-7] [jdbc.resultsettable] [36m
|----------------|--------|-----------|---|----|--------|
|feed_comment_id |comment |created_at |nm |pic |user_id |
|----------------|--------|-----------|---|----|--------|
|----------------|--------|-----------|---|----|--------|
[0;39m
[2024-05-16 10:04:06 [32mDEBUG[0;39m http-nio-8080-exec-7] [jdbc.sqltiming] [36m com.zaxxer.hikari.pool.ProxyPreparedStatement.execute(ProxyPreparedStatement.java:44)
1. SELECT pic
        FROM feed_pics
        WHERE feed_id = 32
 {executed in 0 msec}[0;39m
[2024-05-16 10:04:06 [32mINFO [0;39m http-nio-8080-exec-7] [jdbc.resultsettable] [36m
|-----------------------------------------|
|pic                                      |
|-----------------------------------------|
|0de826a0-acca-471f-b81e-e91b523be8c7.png |
|bdcd8370-237b-4c5c-ad17-4d3687e3bbc4.jpg |
|0d76ced2-2a28-473b-8c2e-1be74437daec.jpg |
|724cd9fb-a9ac-4ef6-9ad0-346b696ffe8c.jpg |
|70b9c3bd-a8ab-417f-b1cc-7e972daee7fc.jpg |
|-----------------------------------------|
[0;39m
[2024-05-16 10:04:06 [32mDEBUG[0;39m http-nio-8080-exec-7] [jdbc.sqltiming] [36m com.zaxxer.hikari.pool.ProxyPreparedStatement.execute(ProxyPreparedStatement.java:44)
1. SELECT A.feed_comment_id AS feedCommentId, A.comment, A.created_at AS createdAt,
               B.nm AS writerNm, B.pic AS writerPic, B.user_id AS writerId
        FROM feed_comment A
        INNER JOIN user B
        ON A.user_id = B.user_id
        WHERE A.feed_id = 32
        LIMIT 4
 {executed in 0 msec}[0;39m
[2024-05-16 10:04:06 [32mINFO [0;39m http-nio-8080-exec-7] [jdbc.resultsettable] [36m
|----------------|--------|-----------|---|----|--------|
|feed_comment_id |comment |created_at |nm |pic |user_id |
|----------------|--------|-----------|---|----|--------|
|----------------|--------|-----------|---|----|--------|
[0;39m
[2024-05-16 10:04:06 [32mDEBUG[0;39m http-nio-8080-exec-7] [jdbc.sqltiming] [36m com.zaxxer.hikari.pool.ProxyPreparedStatement.execute(ProxyPreparedStatement.java:44)
1. SELECT pic
        FROM feed_pics
        WHERE feed_id = 30
 {executed in 0 msec}[0;39m
[2024-05-16 10:04:06 [32mINFO [0;39m http-nio-8080-exec-7] [jdbc.resultsettable] [36m
|-----------------------------------------|
|pic                                      |
|-----------------------------------------|
|a2c9c133-c92f-4384-9e4d-3be809145a4c.jpg |
|-----------------------------------------|
[0;39m
[2024-05-16 10:04:06 [32mDEBUG[0;39m http-nio-8080-exec-7] [jdbc.sqltiming] [36m com.zaxxer.hikari.pool.ProxyPreparedStatement.execute(ProxyPreparedStatement.java:44)
1. SELECT A.feed_comment_id AS feedCommentId, A.comment, A.created_at AS createdAt,
               B.nm AS writerNm, B.pic AS writerPic, B.user_id AS writerId
        FROM feed_comment A
        INNER JOIN user B
        ON A.user_id = B.user_id
        WHERE A.feed_id = 30
        LIMIT 4
 {executed in 0 msec}[0;39m
[2024-05-16 10:04:06 [32mINFO [0;39m http-nio-8080-exec-7] [jdbc.resultsettable] [36m
|----------------|--------|-----------|---|----|--------|
|feed_comment_id |comment |created_at |nm |pic |user_id |
|----------------|--------|-----------|---|----|--------|
|----------------|--------|-----------|---|----|--------|
[0;39m
[2024-05-16 10:04:06 [32mDEBUG[0;39m http-nio-8080-exec-7] [jdbc.sqltiming] [36m com.zaxxer.hikari.pool.ProxyPreparedStatement.execute(ProxyPreparedStatement.java:44)
1. SELECT pic
        FROM feed_pics
        WHERE feed_id = 29
 {executed in 0 msec}[0;39m
[2024-05-16 10:04:06 [32mINFO [0;39m http-nio-8080-exec-7] [jdbc.resultsettable] [36m
|-----------------------------------------|
|pic                                      |
|-----------------------------------------|
|dba4d116-228d-440d-b508-573688d18c00.png |
|-----------------------------------------|
[0;39m
[2024-05-16 10:04:06 [32mDEBUG[0;39m http-nio-8080-exec-7] [jdbc.sqltiming] [36m com.zaxxer.hikari.pool.ProxyPreparedStatement.execute(ProxyPreparedStatement.java:44)
1. SELECT A.feed_comment_id AS feedCommentId, A.comment, A.created_at AS createdAt,
               B.nm AS writerNm, B.pic AS writerPic, B.user_id AS writerId
        FROM feed_comment A
        INNER JOIN user B
        ON A.user_id = B.user_id
        WHERE A.feed_id = 29
        LIMIT 4
 {executed in 0 msec}[0;39m
[2024-05-16 10:04:06 [32mINFO [0;39m http-nio-8080-exec-7] [jdbc.resultsettable] [36m
|----------------|--------|-----------|---|----|--------|
|feed_comment_id |comment |created_at |nm |pic |user_id |
|----------------|--------|-----------|---|----|--------|
|----------------|--------|-----------|---|----|--------|
[0;39m
[2024-05-16 10:04:06 [32mDEBUG[0;39m http-nio-8080-exec-7] [jdbc.sqltiming] [36m com.zaxxer.hikari.pool.ProxyPreparedStatement.execute(ProxyPreparedStatement.java:44)
1. SELECT pic
        FROM feed_pics
        WHERE feed_id = 28
 {executed in 1 msec}[0;39m
[2024-05-16 10:04:06 [32mINFO [0;39m http-nio-8080-exec-7] [jdbc.resultsettable] [36m
|-----------------------------------------|
|pic                                      |
|-----------------------------------------|
|0077e40f-3fe2-495f-8476-921f535f0064.jpg |
|-----------------------------------------|
[0;39m
[2024-05-16 10:04:06 [32mDEBUG[0;39m http-nio-8080-exec-7] [jdbc.sqltiming] [36m com.zaxxer.hikari.pool.ProxyPreparedStatement.execute(ProxyPreparedStatement.java:44)
1. SELECT A.feed_comment_id AS feedCommentId, A.comment, A.created_at AS createdAt,
               B.nm AS writerNm, B.pic AS writerPic, B.user_id AS writerId
        FROM feed_comment A
        INNER JOIN user B
        ON A.user_id = B.user_id
        WHERE A.feed_id = 28
        LIMIT 4
 {executed in 0 msec}[0;39m
[2024-05-16 10:04:06 [32mINFO [0;39m http-nio-8080-exec-7] [jdbc.resultsettable] [36m
|----------------|--------|-----------|---|----|--------|
|feed_comment_id |comment |created_at |nm |pic |user_id |
|----------------|--------|-----------|---|----|--------|
|----------------|--------|-----------|---|----|--------|
[0;39m
[2024-05-16 10:04:06 [32mDEBUG[0;39m http-nio-8080-exec-7] [jdbc.sqltiming] [36m com.zaxxer.hikari.pool.ProxyPreparedStatement.execute(ProxyPreparedStatement.java:44)
1. SELECT pic
        FROM feed_pics
        WHERE feed_id = 27
 {executed in 0 msec}[0;39m
[2024-05-16 10:04:06 [32mINFO [0;39m http-nio-8080-exec-7] [jdbc.resultsettable] [36m
|-----------------------------------------|
|pic                                      |
|-----------------------------------------|
|4cc7898b-5f7a-4630-b422-85aa3b8ac450.png |
|-----------------------------------------|
[0;39m
[2024-05-16 10:04:06 [32mDEBUG[0;39m http-nio-8080-exec-7] [jdbc.sqltiming] [36m com.zaxxer.hikari.pool.ProxyPreparedStatement.execute(ProxyPreparedStatement.java:44)
1. SELECT A.feed_comment_id AS feedCommentId, A.comment, A.created_at AS createdAt,
               B.nm AS writerNm, B.pic AS writerPic, B.user_id AS writerId
        FROM feed_comment A
        INNER JOIN user B
        ON A.user_id = B.user_id
        WHERE A.feed_id = 27
        LIMIT 4
 {executed in 0 msec}[0;39m
[2024-05-16 10:04:06 [32mINFO [0;39m http-nio-8080-exec-7] [jdbc.resultsettable] [36m
|----------------|--------|-----------|---|----|--------|
|feed_comment_id |comment |created_at |nm |pic |user_id |
|----------------|--------|-----------|---|----|--------|
|----------------|--------|-----------|---|----|--------|
[0;39m
[2024-05-16 10:04:06 [32mDEBUG[0;39m http-nio-8080-exec-7] [jdbc.sqltiming] [36m com.zaxxer.hikari.pool.ProxyPreparedStatement.execute(ProxyPreparedStatement.java:44)
1. SELECT pic
        FROM feed_pics
        WHERE feed_id = 26
 {executed in 0 msec}[0;39m
[2024-05-16 10:04:06 [32mINFO [0;39m http-nio-8080-exec-7] [jdbc.resultsettable] [36m
|------------------------------------------|
|pic                                       |
|------------------------------------------|
|40eeb99a-102f-478d-b0b8-e8f39e75dbbe.webp |
|------------------------------------------|
[0;39m
[2024-05-16 10:04:06 [32mDEBUG[0;39m http-nio-8080-exec-7] [jdbc.sqltiming] [36m com.zaxxer.hikari.pool.ProxyPreparedStatement.execute(ProxyPreparedStatement.java:44)
1. SELECT A.feed_comment_id AS feedCommentId, A.comment, A.created_at AS createdAt,
               B.nm AS writerNm, B.pic AS writerPic, B.user_id AS writerId
        FROM feed_comment A
        INNER JOIN user B
        ON A.user_id = B.user_id
        WHERE A.feed_id = 26
        LIMIT 4
 {executed in 0 msec}[0;39m
[2024-05-16 10:04:06 [32mINFO [0;39m http-nio-8080-exec-7] [jdbc.resultsettable] [36m
|----------------|--------|-----------|---|----|--------|
|feed_comment_id |comment |created_at |nm |pic |user_id |
|----------------|--------|-----------|---|----|--------|
|----------------|--------|-----------|---|----|--------|
[0;39m
[2024-05-16 10:04:06 [32mDEBUG[0;39m http-nio-8080-exec-7] [jdbc.sqltiming] [36m com.zaxxer.hikari.pool.ProxyPreparedStatement.execute(ProxyPreparedStatement.java:44)
1. SELECT pic
        FROM feed_pics
        WHERE feed_id = 25
 {executed in 0 msec}[0;39m
[2024-05-16 10:04:06 [32mINFO [0;39m http-nio-8080-exec-7] [jdbc.resultsettable] [36m
|------------------------------------------|
|pic                                       |
|------------------------------------------|
|e44efaf1-7213-48ea-9827-569c95b0a94e.webp |
|------------------------------------------|
[0;39m
[2024-05-16 10:04:06 [32mDEBUG[0;39m http-nio-8080-exec-7] [jdbc.sqltiming] [36m com.zaxxer.hikari.pool.ProxyPreparedStatement.execute(ProxyPreparedStatement.java:44)
1. SELECT A.feed_comment_id AS feedCommentId, A.comment, A.created_at AS createdAt,
               B.nm AS writerNm, B.pic AS writerPic, B.user_id AS writerId
        FROM feed_comment A
        INNER JOIN user B
        ON A.user_id = B.user_id
        WHERE A.feed_id = 25
        LIMIT 4
 {executed in 0 msec}[0;39m
[2024-05-16 10:04:06 [32mINFO [0;39m http-nio-8080-exec-7] [jdbc.resultsettable] [36m
|----------------|--------|-----------|---|----|--------|
|feed_comment_id |comment |created_at |nm |pic |user_id |
|----------------|--------|-----------|---|----|--------|
|----------------|--------|-----------|---|----|--------|
[0;39m
[2024-05-16 10:04:06 [32mDEBUG[0;39m http-nio-8080-exec-7] [jdbc.sqltiming] [36m com.zaxxer.hikari.pool.ProxyPreparedStatement.execute(ProxyPreparedStatement.java:44)
1. SELECT pic
        FROM feed_pics
        WHERE feed_id = 24
 {executed in 0 msec}[0;39m
[2024-05-16 10:04:06 [32mINFO [0;39m http-nio-8080-exec-7] [jdbc.resultsettable] [36m
|------------------------------------------|
|pic                                       |
|------------------------------------------|
|1606507d-6fda-4208-81c6-907bb081f9d3.webp |
|------------------------------------------|
[0;39m
[2024-05-16 10:04:06 [32mDEBUG[0;39m http-nio-8080-exec-7] [jdbc.sqltiming] [36m com.zaxxer.hikari.pool.ProxyPreparedStatement.execute(ProxyPreparedStatement.java:44)
1. SELECT A.feed_comment_id AS feedCommentId, A.comment, A.created_at AS createdAt,
               B.nm AS writerNm, B.pic AS writerPic, B.user_id AS writerId
        FROM feed_comment A
        INNER JOIN user B
        ON A.user_id = B.user_id
        WHERE A.feed_id = 24
        LIMIT 4
 {executed in 1 msec}[0;39m
[2024-05-16 10:04:06 [32mINFO [0;39m http-nio-8080-exec-7] [jdbc.resultsettable] [36m
|----------------|--------|-----------|---|----|--------|
|feed_comment_id |comment |created_at |nm |pic |user_id |
|----------------|--------|-----------|---|----|--------|
|----------------|--------|-----------|---|----|--------|
[0;39m
[2024-05-16 10:04:06 [32mDEBUG[0;39m http-nio-8080-exec-7] [jdbc.sqltiming] [36m com.zaxxer.hikari.pool.ProxyPreparedStatement.execute(ProxyPreparedStatement.java:44)
1. SELECT pic
        FROM feed_pics
        WHERE feed_id = 19
 {executed in 0 msec}[0;39m
[2024-05-16 10:04:06 [32mINFO [0;39m http-nio-8080-exec-7] [jdbc.resultsettable] [36m
|------------------------------------------|
|pic                                       |
|------------------------------------------|
|a1530b02-6725-4ad4-b4b9-55d19c80e08f.webp |
|------------------------------------------|
[0;39m
[2024-05-16 10:04:06 [32mDEBUG[0;39m http-nio-8080-exec-7] [jdbc.sqltiming] [36m com.zaxxer.hikari.pool.ProxyPreparedStatement.execute(ProxyPreparedStatement.java:44)
1. SELECT A.feed_comment_id AS feedCommentId, A.comment, A.created_at AS createdAt,
               B.nm AS writerNm, B.pic AS writerPic, B.user_id AS writerId
        FROM feed_comment A
        INNER JOIN user B
        ON A.user_id = B.user_id
        WHERE A.feed_id = 19
        LIMIT 4
 {executed in 0 msec}[0;39m
[2024-05-16 10:04:06 [32mINFO [0;39m http-nio-8080-exec-7] [jdbc.resultsettable] [36m
|----------------|--------|-----------|---|----|--------|
|feed_comment_id |comment |created_at |nm |pic |user_id |
|----------------|--------|-----------|---|----|--------|
|----------------|--------|-----------|---|----|--------|
[0;39m
[2024-05-16 10:04:06 [32mDEBUG[0;39m http-nio-8080-exec-7] [jdbc.sqltiming] [36m com.zaxxer.hikari.pool.ProxyPreparedStatement.execute(ProxyPreparedStatement.java:44)
1. SELECT pic
        FROM feed_pics
        WHERE feed_id = 18
 {executed in 0 msec}[0;39m
[2024-05-16 10:04:06 [32mINFO [0;39m http-nio-8080-exec-7] [jdbc.resultsettable] [36m
|-----------------------------------------|
|pic                                      |
|-----------------------------------------|
|00051f19-457d-48f7-8cf1-661bcdde01fd.png |
|-----------------------------------------|
[0;39m
[2024-05-16 10:04:06 [32mDEBUG[0;39m http-nio-8080-exec-7] [jdbc.sqltiming] [36m com.zaxxer.hikari.pool.ProxyPreparedStatement.execute(ProxyPreparedStatement.java:44)
1. SELECT A.feed_comment_id AS feedCommentId, A.comment, A.created_at AS createdAt,
               B.nm AS writerNm, B.pic AS writerPic, B.user_id AS writerId
        FROM feed_comment A
        INNER JOIN user B
        ON A.user_id = B.user_id
        WHERE A.feed_id = 18
        LIMIT 4
 {executed in 0 msec}[0;39m
[2024-05-16 10:04:06 [32mINFO [0;39m http-nio-8080-exec-7] [jdbc.resultsettable] [36m
|----------------|--------|-----------|---|----|--------|
|feed_comment_id |comment |created_at |nm |pic |user_id |
|----------------|--------|-----------|---|----|--------|
|----------------|--------|-----------|---|----|--------|
[0;39m
[2024-05-16 10:04:06 [32mDEBUG[0;39m http-nio-8080-exec-7] [jdbc.sqltiming] [36m com.zaxxer.hikari.pool.ProxyPreparedStatement.execute(ProxyPreparedStatement.java:44)
1. SELECT pic
        FROM feed_pics
        WHERE feed_id = 17
 {executed in 1 msec}[0;39m
[2024-05-16 10:04:06 [32mINFO [0;39m http-nio-8080-exec-7] [jdbc.resultsettable] [36m
|-----------------------------------------|
|pic                                      |
|-----------------------------------------|
|68d3f9d0-ac64-4278-84e7-2339d4947efd.png |
|-----------------------------------------|
[0;39m
[2024-05-16 10:04:06 [32mDEBUG[0;39m http-nio-8080-exec-7] [jdbc.sqltiming] [36m com.zaxxer.hikari.pool.ProxyPreparedStatement.execute(ProxyPreparedStatement.java:44)
1. SELECT A.feed_comment_id AS feedCommentId, A.comment, A.created_at AS createdAt,
               B.nm AS writerNm, B.pic AS writerPic, B.user_id AS writerId
        FROM feed_comment A
        INNER JOIN user B
        ON A.user_id = B.user_id
        WHERE A.feed_id = 17
        LIMIT 4
 {executed in 0 msec}[0;39m
[2024-05-16 10:04:06 [32mINFO [0;39m http-nio-8080-exec-7] [jdbc.resultsettable] [36m
|----------------|--------|-----------|---|----|--------|
|feed_comment_id |comment |created_at |nm |pic |user_id |
|----------------|--------|-----------|---|----|--------|
|----------------|--------|-----------|---|----|--------|
[0;39m
[2024-05-16 10:04:06 [32mDEBUG[0;39m http-nio-8080-exec-7] [jdbc.sqltiming] [36m com.zaxxer.hikari.pool.ProxyPreparedStatement.execute(ProxyPreparedStatement.java:44)
1. SELECT pic
        FROM feed_pics
        WHERE feed_id = 16
 {executed in 0 msec}[0;39m
[2024-05-16 10:04:06 [32mINFO [0;39m http-nio-8080-exec-7] [jdbc.resultsettable] [36m
|-----------------------------------------|
|pic                                      |
|-----------------------------------------|
|6b5753dc-bf33-4d70-81be-5a45942195fb.png |
|-----------------------------------------|
[0;39m
[2024-05-16 10:04:06 [32mDEBUG[0;39m http-nio-8080-exec-7] [jdbc.sqltiming] [36m com.zaxxer.hikari.pool.ProxyPreparedStatement.execute(ProxyPreparedStatement.java:44)
1. SELECT A.feed_comment_id AS feedCommentId, A.comment, A.created_at AS createdAt,
               B.nm AS writerNm, B.pic AS writerPic, B.user_id AS writerId
        FROM feed_comment A
        INNER JOIN user B
        ON A.user_id = B.user_id
        WHERE A.feed_id = 16
        LIMIT 4
 {executed in 0 msec}[0;39m
[2024-05-16 10:04:06 [32mINFO [0;39m http-nio-8080-exec-7] [jdbc.resultsettable] [36m
|----------------|--------|-----------|---|----|--------|
|feed_comment_id |comment |created_at |nm |pic |user_id |
|----------------|--------|-----------|---|----|--------|
|----------------|--------|-----------|---|----|--------|
[0;39m
[2024-05-16 10:04:06 [32mDEBUG[0;39m http-nio-8080-exec-7] [jdbc.sqltiming] [36m com.zaxxer.hikari.pool.ProxyPreparedStatement.execute(ProxyPreparedStatement.java:44)
1. SELECT pic
        FROM feed_pics
        WHERE feed_id = 15
 {executed in 0 msec}[0;39m
[2024-05-16 10:04:06 [32mINFO [0;39m http-nio-8080-exec-7] [jdbc.resultsettable] [36m
|-----------------------------------------|
|pic                                      |
|-----------------------------------------|
|2c9bf7b3-8943-4e36-b0b4-deb34f43f202.jpg |
|-----------------------------------------|
[0;39m
[2024-05-16 10:04:06 [32mDEBUG[0;39m http-nio-8080-exec-7] [jdbc.sqltiming] [36m com.zaxxer.hikari.pool.ProxyPreparedStatement.execute(ProxyPreparedStatement.java:44)
1. SELECT A.feed_comment_id AS feedCommentId, A.comment, A.created_at AS createdAt,
               B.nm AS writerNm, B.pic AS writerPic, B.user_id AS writerId
        FROM feed_comment A
        INNER JOIN user B
        ON A.user_id = B.user_id
        WHERE A.feed_id = 15
        LIMIT 4
 {executed in 0 msec}[0;39m
[2024-05-16 10:04:06 [32mINFO [0;39m http-nio-8080-exec-7] [jdbc.resultsettable] [36m
|----------------|--------|-----------|---|----|--------|
|feed_comment_id |comment |created_at |nm |pic |user_id |
|----------------|--------|-----------|---|----|--------|
|----------------|--------|-----------|---|----|--------|
[0;39m
[2024-05-16 10:04:06 [32mDEBUG[0;39m http-nio-8080-exec-7] [jdbc.sqltiming] [36m com.zaxxer.hikari.pool.ProxyPreparedStatement.execute(ProxyPreparedStatement.java:44)
1. SELECT pic
        FROM feed_pics
        WHERE feed_id = 14
 {executed in 0 msec}[0;39m
[2024-05-16 10:04:06 [32mINFO [0;39m http-nio-8080-exec-7] [jdbc.resultsettable] [36m
|------------------------------------------|
|pic                                       |
|------------------------------------------|
|58425896-1f48-4825-89c2-a981554eec39.webp |
|------------------------------------------|
[0;39m
[2024-05-16 10:04:06 [32mDEBUG[0;39m http-nio-8080-exec-7] [jdbc.sqltiming] [36m com.zaxxer.hikari.pool.ProxyPreparedStatement.execute(ProxyPreparedStatement.java:44)
1. SELECT A.feed_comment_id AS feedCommentId, A.comment, A.created_at AS createdAt,
               B.nm AS writerNm, B.pic AS writerPic, B.user_id AS writerId
        FROM feed_comment A
        INNER JOIN user B
        ON A.user_id = B.user_id
        WHERE A.feed_id = 14
        LIMIT 4
 {executed in 0 msec}[0;39m
[2024-05-16 10:04:06 [32mINFO [0;39m http-nio-8080-exec-7] [jdbc.resultsettable] [36m
|----------------|--------|-----------|---|----|--------|
|feed_comment_id |comment |created_at |nm |pic |user_id |
|----------------|--------|-----------|---|----|--------|
|----------------|--------|-----------|---|----|--------|
[0;39m
[2024-05-16 10:04:06 [32mDEBUG[0;39m http-nio-8080-exec-7] [jdbc.sqltiming] [36m com.zaxxer.hikari.pool.ProxyPreparedStatement.execute(ProxyPreparedStatement.java:44)
1. SELECT pic
        FROM feed_pics
        WHERE feed_id = 13
 {executed in 0 msec}[0;39m
[2024-05-16 10:04:06 [32mINFO [0;39m http-nio-8080-exec-7] [jdbc.resultsettable] [36m
|-----------------------------------------|
|pic                                      |
|-----------------------------------------|
|20fdb351-94dc-4964-909a-526d6865ab26.gif |
|-----------------------------------------|
[0;39m
[2024-05-16 10:04:06 [32mDEBUG[0;39m http-nio-8080-exec-7] [jdbc.sqltiming] [36m com.zaxxer.hikari.pool.ProxyPreparedStatement.execute(ProxyPreparedStatement.java:44)
1. SELECT A.feed_comment_id AS feedCommentId, A.comment, A.created_at AS createdAt,
               B.nm AS writerNm, B.pic AS writerPic, B.user_id AS writerId
        FROM feed_comment A
        INNER JOIN user B
        ON A.user_id = B.user_id
        WHERE A.feed_id = 13
        LIMIT 4
 {executed in 0 msec}[0;39m
[2024-05-16 10:04:06 [32mINFO [0;39m http-nio-8080-exec-7] [jdbc.resultsettable] [36m
|----------------|--------|-----------|---|----|--------|
|feed_comment_id |comment |created_at |nm |pic |user_id |
|----------------|--------|-----------|---|----|--------|
|----------------|--------|-----------|---|----|--------|
[0;39m
[2024-05-16 10:04:06 [32mDEBUG[0;39m http-nio-8080-exec-7] [jdbc.sqltiming] [36m com.zaxxer.hikari.pool.ProxyPreparedStatement.execute(ProxyPreparedStatement.java:44)
1. SELECT pic
        FROM feed_pics
        WHERE feed_id = 12
 {executed in 0 msec}[0;39m
[2024-05-16 10:04:06 [32mINFO [0;39m http-nio-8080-exec-7] [jdbc.resultsettable] [36m
|-----------------------------------------|
|pic                                      |
|-----------------------------------------|
|7026a0d3-807a-4ae1-a6e0-14aa9154dff3.gif |
|-----------------------------------------|
[0;39m
[2024-05-16 10:04:06 [32mDEBUG[0;39m http-nio-8080-exec-7] [jdbc.sqltiming] [36m com.zaxxer.hikari.pool.ProxyPreparedStatement.execute(ProxyPreparedStatement.java:44)
1. SELECT A.feed_comment_id AS feedCommentId, A.comment, A.created_at AS createdAt,
               B.nm AS writerNm, B.pic AS writerPic, B.user_id AS writerId
        FROM feed_comment A
        INNER JOIN user B
        ON A.user_id = B.user_id
        WHERE A.feed_id = 12
        LIMIT 4
 {executed in 0 msec}[0;39m
[2024-05-16 10:04:06 [32mINFO [0;39m http-nio-8080-exec-7] [jdbc.resultsettable] [36m
|----------------|--------|-----------|---|----|--------|
|feed_comment_id |comment |created_at |nm |pic |user_id |
|----------------|--------|-----------|---|----|--------|
|----------------|--------|-----------|---|----|--------|
[0;39m
[2024-05-16 10:04:06 [32mDEBUG[0;39m http-nio-8080-exec-7] [jdbc.sqltiming] [36m com.zaxxer.hikari.pool.ProxyPreparedStatement.execute(ProxyPreparedStatement.java:44)
1. SELECT pic
        FROM feed_pics
        WHERE feed_id = 11
 {executed in 0 msec}[0;39m
[2024-05-16 10:04:06 [32mINFO [0;39m http-nio-8080-exec-7] [jdbc.resultsettable] [36m
|-----------------------------------------|
|pic                                      |
|-----------------------------------------|
|1a5f87a7-502e-4817-b3b0-b545f90ad0ee.png |
|-----------------------------------------|
[0;39m
[2024-05-16 10:04:06 [32mDEBUG[0;39m http-nio-8080-exec-7] [jdbc.sqltiming] [36m com.zaxxer.hikari.pool.ProxyPreparedStatement.execute(ProxyPreparedStatement.java:44)
1. SELECT A.feed_comment_id AS feedCommentId, A.comment, A.created_at AS createdAt,
               B.nm AS writerNm, B.pic AS writerPic, B.user_id AS writerId
        FROM feed_comment A
        INNER JOIN user B
        ON A.user_id = B.user_id
        WHERE A.feed_id = 11
        LIMIT 4
 {executed in 1 msec}[0;39m
[2024-05-16 10:04:06 [32mINFO [0;39m http-nio-8080-exec-7] [jdbc.resultsettable] [36m
|----------------|--------|-----------|---|----|--------|
|feed_comment_id |comment |created_at |nm |pic |user_id |
|----------------|--------|-----------|---|----|--------|
|----------------|--------|-----------|---|----|--------|
[0;39m
[2024-05-16 10:04:06 [32mDEBUG[0;39m http-nio-8080-exec-7] [jdbc.sqltiming] [36m com.zaxxer.hikari.pool.ProxyPreparedStatement.execute(ProxyPreparedStatement.java:44)
1. SELECT pic
        FROM feed_pics
        WHERE feed_id = 9
 {executed in 0 msec}[0;39m
[2024-05-16 10:04:06 [32mINFO [0;39m http-nio-8080-exec-7] [jdbc.resultsettable] [36m
|-----------------------------------------|
|pic                                      |
|-----------------------------------------|
|e0656eb7-fb2c-44f3-90c9-620f816f3d98.png |
|95ade40b-16c2-4b54-b3c1-37eff2e43ebc.jpg |
|a92fc7c9-8c55-4b23-b369-913e630aa7cc.jpg |
|-----------------------------------------|
[0;39m
[2024-05-16 10:04:06 [32mDEBUG[0;39m http-nio-8080-exec-7] [jdbc.sqltiming] [36m com.zaxxer.hikari.pool.ProxyPreparedStatement.execute(ProxyPreparedStatement.java:44)
1. SELECT A.feed_comment_id AS feedCommentId, A.comment, A.created_at AS createdAt,
               B.nm AS writerNm, B.pic AS writerPic, B.user_id AS writerId
        FROM feed_comment A
        INNER JOIN user B
        ON A.user_id = B.user_id
        WHERE A.feed_id = 9
        LIMIT 4
 {executed in 1 msec}[0;39m
[2024-05-16 10:04:06 [32mINFO [0;39m http-nio-8080-exec-7] [jdbc.resultsettable] [36m
|----------------|--------|-----------|---|----|--------|
|feed_comment_id |comment |created_at |nm |pic |user_id |
|----------------|--------|-----------|---|----|--------|
|----------------|--------|-----------|---|----|--------|
[0;39m
[2024-05-16 10:04:29 [32mINFO [0;39m SpringApplicationShutdownHook] [com.zaxxer.hikari.HikariDataSource] [36mHikariPool-1 - Shutdown initiated...[0;39m
[2024-05-16 10:04:29 [32mINFO [0;39m SpringApplicationShutdownHook] [com.zaxxer.hikari.HikariDataSource] [36mHikariPool-1 - Shutdown completed.[0;39m
