[2024-07-03 12:03:03 [32mINFO [0;39m restartedMain] [com.green.greengram.GreengramApplication] [36mStarting GreengramApplication using Java 17.0.11 with PID 15124 (D:\2024-01\backEnd\GreengramSecurity\build\classes\java\main started by Administrator in D:\2024-01\backEnd\GreengramSecurity)[0;39m
[2024-07-03 12:03:03 [32mINFO [0;39m restartedMain] [com.green.greengram.GreengramApplication] [36mNo active profile set, falling back to 1 default profile: "default"[0;39m
[2024-07-03 12:03:03 [32mINFO [0;39m restartedMain] [org.springframework.boot.devtools.env.DevToolsPropertyDefaultsPostProcessor] [36mDevtools property defaults active! Set 'spring.devtools.add-properties' to 'false' to disable[0;39m
[2024-07-03 12:03:03 [32mINFO [0;39m restartedMain] [org.springframework.boot.devtools.env.DevToolsPropertyDefaultsPostProcessor] [36mFor additional web related logging consider setting the 'logging.level.web' property to 'DEBUG'[0;39m
[2024-07-03 12:03:04 [32mINFO [0;39m restartedMain] [org.springframework.boot.web.embedded.tomcat.TomcatWebServer] [36mTomcat initialized with port 8080 (http)[0;39m
[2024-07-03 12:03:04 [32mINFO [0;39m restartedMain] [org.apache.coyote.http11.Http11NioProtocol] [36mInitializing ProtocolHandler ["http-nio-8080"][0;39m
[2024-07-03 12:03:04 [32mINFO [0;39m restartedMain] [org.apache.catalina.core.StandardService] [36mStarting service [Tomcat][0;39m
[2024-07-03 12:03:04 [32mINFO [0;39m restartedMain] [org.apache.catalina.core.StandardEngine] [36mStarting Servlet engine: [Apache Tomcat/10.1.20][0;39m
[2024-07-03 12:03:04 [32mINFO [0;39m restartedMain] [org.apache.catalina.core.ContainerBase.[Tomcat].[localhost].[/]] [36mInitializing Spring embedded WebApplicationContext[0;39m
[2024-07-03 12:03:04 [32mINFO [0;39m restartedMain] [org.springframework.boot.web.servlet.context.ServletWebServerApplicationContext] [36mRoot WebApplicationContext: initialization completed in 1272 ms[0;39m
[2024-07-03 12:03:05 [32mINFO [0;39m restartedMain] [com.zaxxer.hikari.HikariDataSource] [36mHikariPool-1 - Starting...[0;39m
[2024-07-03 12:03:05 [32mINFO [0;39m restartedMain] [com.zaxxer.hikari.pool.HikariPool] [36mHikariPool-1 - Added connection net.sf.log4jdbc.sql.jdbcapi.ConnectionSpy@3f77addb[0;39m
[2024-07-03 12:03:05 [32mINFO [0;39m restartedMain] [com.zaxxer.hikari.HikariDataSource] [36mHikariPool-1 - Start completed.[0;39m
[2024-07-03 12:03:05 [32mINFO [0;39m restartedMain] [org.springframework.boot.autoconfigure.web.servlet.WelcomePageHandlerMapping] [36mAdding welcome page: class path resource [static/index.html][0;39m
[2024-07-03 12:03:05 [32mINFO [0;39m restartedMain] [org.springframework.boot.actuate.endpoint.web.EndpointLinksResolver] [36mExposing 13 endpoint(s) beneath base path '/actuator'[0;39m
[2024-07-03 12:03:05 [32mINFO [0;39m restartedMain] [org.springframework.security.web.DefaultSecurityFilterChain] [36mWill secure any request with [org.springframework.security.web.session.DisableEncodeUrlFilter@532f00ac, org.springframework.security.web.context.request.async.WebAsyncManagerIntegrationFilter@4fef0213, org.springframework.security.web.context.SecurityContextHolderFilter@2744da1f, org.springframework.security.web.header.HeaderWriterFilter@6d2e6ec5, org.springframework.web.filter.CorsFilter@42b75495, org.springframework.security.web.authentication.logout.LogoutFilter@6e32c45f, com.green.greengram.security.jwt.JwtAuthenticationFilter@88f4916, org.springframework.security.web.savedrequest.RequestCacheAwareFilter@4f243a5e, org.springframework.security.web.servletapi.SecurityContextHolderAwareRequestFilter@d06bc84, org.springframework.security.web.authentication.AnonymousAuthenticationFilter@689c406f, org.springframework.security.web.session.SessionManagementFilter@d112c06, org.springframework.security.web.access.ExceptionTranslationFilter@bf49b91, org.springframework.security.web.access.intercept.AuthorizationFilter@5d78248e][0;39m
[2024-07-03 12:03:05 [32mINFO [0;39m restartedMain] [org.springframework.boot.devtools.autoconfigure.OptionalLiveReloadServer] [36mLiveReload server is running on port 35729[0;39m
[2024-07-03 12:03:05 [32mINFO [0;39m restartedMain] [org.apache.coyote.http11.Http11NioProtocol] [36mStarting ProtocolHandler ["http-nio-8080"][0;39m
[2024-07-03 12:03:05 [32mINFO [0;39m restartedMain] [org.springframework.boot.web.embedded.tomcat.TomcatWebServer] [36mTomcat started on port 8080 (http) with context path ''[0;39m
[2024-07-03 12:03:05 [32mINFO [0;39m restartedMain] [com.green.greengram.GreengramApplication] [36mStarted GreengramApplication in 2.756 seconds (process running for 3.227)[0;39m
[2024-07-03 12:03:05 [32mINFO [0;39m RMI TCP Connection(3)-192.168.0.164] [org.apache.catalina.core.ContainerBase.[Tomcat].[localhost].[/]] [36mInitializing Spring DispatcherServlet 'dispatcherServlet'[0;39m
[2024-07-03 12:03:05 [32mINFO [0;39m RMI TCP Connection(3)-192.168.0.164] [org.springframework.web.servlet.DispatcherServlet] [36mInitializing Servlet 'dispatcherServlet'[0;39m
[2024-07-03 12:03:05 [32mINFO [0;39m RMI TCP Connection(3)-192.168.0.164] [org.springframework.web.servlet.DispatcherServlet] [36mCompleted initialization in 1 ms[0;39m
[2024-07-03 12:03:09 [32mINFO [0;39m http-nio-8080-exec-1] [com.green.greengram.security.jwt.JwtAuthenticationFilter] [36mJwtAuthenticationFilter-Token: null[0;39m
[2024-07-03 12:03:09 [32mINFO [0;39m http-nio-8080-exec-7] [com.green.greengram.security.jwt.JwtAuthenticationFilter] [36mJwtAuthenticationFilter-Token: null[0;39m
[2024-07-03 12:03:09 [32mINFO [0;39m http-nio-8080-exec-2] [com.green.greengram.security.jwt.JwtAuthenticationFilter] [36mJwtAuthenticationFilter-Token: null[0;39m
[2024-07-03 12:03:09 [32mINFO [0;39m http-nio-8080-exec-4] [com.green.greengram.security.jwt.JwtAuthenticationFilter] [36mJwtAuthenticationFilter-Token: null[0;39m
[2024-07-03 12:03:09 [32mINFO [0;39m http-nio-8080-exec-5] [com.green.greengram.security.jwt.JwtAuthenticationFilter] [36mJwtAuthenticationFilter-Token: null[0;39m
[2024-07-03 12:03:09 [32mINFO [0;39m http-nio-8080-exec-6] [com.green.greengram.security.jwt.JwtAuthenticationFilter] [36mJwtAuthenticationFilter-Token: null[0;39m
[2024-07-03 12:03:09 [32mINFO [0;39m http-nio-8080-exec-3] [com.green.greengram.security.jwt.JwtAuthenticationFilter] [36mJwtAuthenticationFilter-Token: null[0;39m
[2024-07-03 12:03:15 [32mINFO [0;39m SpringApplicationShutdownHook] [com.zaxxer.hikari.HikariDataSource] [36mHikariPool-1 - Shutdown initiated...[0;39m
[2024-07-03 12:03:15 [32mINFO [0;39m SpringApplicationShutdownHook] [com.zaxxer.hikari.HikariDataSource] [36mHikariPool-1 - Shutdown completed.[0;39m
